00000000          label1:
00000000 00003213 data 50
00000001          label2:
00000001 00000013 data 0
00000002          label3:
00000002 00000113 data 1
00000003          label4:
00000003 00000113 data 1
00000004          loop:
00000004 00000000 ldc 0
00000005 00000000 ldc 0
00000006 0000000b a2sp 
00000007 00000000 ldc label1
00000008 00000004 ldnl 0
00000009 00001a0f brz exit
0000000a 00000202 ldl 2
0000000b 00000007 sub 
0000000c 00000003 stl 0
0000000d 00000000 ldc 0
0000000e 00000000 ldc 0
0000000f 00000100 ldc label2
00000010 00000004 ldnl 0
00000011 0000000b a2sp 
00000012 00000202 ldl 2
00000013 0000010a adj 1
00000014 00000202 ldl 2
00000015 00000006 add 
00000016 00000303 stl 3
00000017 00000000 ldc 0
00000018 00000000 ldc 0
00000019 00000100 ldc label2
0000001a 00000004 ldnl 0
0000001b 00000100 ldc 1
0000001c 00000006 add 
0000001d 00000000 ldc 0
0000001e 0000000b a2sp 
0000001f 00000103 stl 1
00000020 00000103 stl 1
00000021 00000000 ldc 0
00000022 00000000 ldc 0
00000023 ffffe00f brz loop
00000024          exit:
00000024 00000012 HALT 
